C51 COMPILER V9.51   MAIN                                                                  10/23/2019 10:04:10 PAGE 1   


C51 COMPILER V9.51, COMPILATION OF MODULE MAIN
OBJECT MODULE PLACED IN .\DP8051\DP8051_Keil_951\Debug\main.obj
COMPILER INVOKED BY: C:\Program Files (x86)\Cypress\PSoC Creator\4.2\PSoC Creator\import\keil\pk51\9.51\C51\BIN\c51.exe 
                    -main.c NOIV LARGE MODDP2 OMF2 VB(1) NOIP INCDIR(.,Generated_Source\PSoC3) FF(3) DB DF(DEBUG) WL(2) PR(.\DP8051\DP8051_Ke
                    -il_951\Debug/main.lst) CD OT(2,SIZE) OJ(.\DP8051\DP8051_Keil_951\Debug\main.obj)

line level    source

   1          /* ========================================
   2           *
   3           * Copyright YOUR COMPANY, THE YEAR
   4           * All Rights Reserved
   5           * UNPUBLISHED, LICENSED SOFTWARE.
   6           *
   7           * CONFIDENTIAL AND PROPRIETARY INFORMATION
   8           * WHICH IS THE PROPERTY OF your company.
   9           *
  10           * ========================================
  11          */
  12          #include "project.h"
  13          
  14          void DrawGun(uint8 y, uint8 x)
  15          {
  16   1          LCD_Char_MN_Position(y, x);
  17   1          LCD_Char_MN_PutChar(LCD_Char_MN_CUSTOM_0);
  18   1          
  19   1          LCD_Char_MN_Position(y,x+1);
  20   1          LCD_Char_MN_PutChar(LCD_Char_MN_CUSTOM_1);
  21   1          
  22   1          LCD_Char_MN_Position(y,x+2);
  23   1          LCD_Char_MN_PutChar(LCD_Char_MN_CUSTOM_2);
  24   1          
  25   1          LCD_Char_MN_Position(y,x+3);
  26   1          LCD_Char_MN_PutChar(LCD_Char_MN_CUSTOM_3);
  27   1      }
  28          
  29          void DrawBall(uint8 y, uint8 x)
  30          {
  31   1          LCD_Char_MN_Position(y,x);
  32   1          LCD_Char_MN_PutChar(LCD_Char_MN_CUSTOM_4);
  33   1          
  34   1          LCD_Char_MN_Position(y,x+1);
  35   1          LCD_Char_MN_PutChar(LCD_Char_MN_CUSTOM_5);
  36   1          
  37   1          LCD_Char_MN_Position(y,x+2);
  38   1          LCD_Char_MN_PutChar(LCD_Char_MN_CUSTOM_6);
  39   1          
  40   1          LCD_Char_MN_Position(y,x+3);
  41   1          LCD_Char_MN_PutChar(LCD_Char_MN_CUSTOM_7);
  42   1      }
  43          
  44          int main(void)
  45          {
  46   1          uint8 iter = 0u;
  47   1          LCD_Char_MN_Start();
  48   1          for(;;)
  49   1          {
  50   2              CyDelay(1200u);
  51   2              LCD_Char_MN_ClearDisplay();
  52   2              
  53   2              if(iter == 3u)
C51 COMPILER V9.51   MAIN                                                                  10/23/2019 10:04:10 PAGE 2   

  54   2              {
  55   3              DrawGun(1u,5u);
  56   3              DrawBall(1u,8u);
  57   3              iter = 0u;
  58   3              continue;
  59   3              }
  60   2              if(iter == 2u)
  61   2              {
  62   3                  DrawGun(0u, 4u);
  63   3                  DrawBall(0u,8u);
  64   3                  iter += 1u;
  65   3                  continue;
  66   3              }
  67   2              if(iter == 1u)
  68   2              {
  69   3                  DrawGun(1u,0u);
  70   3                  DrawBall(1u,12u);
  71   3                  iter += 1u;
  72   3                  continue;
  73   3              }
  74   2              if(iter == 0u)
  75   2              {
  76   3                  DrawGun(0u,0u);
  77   3                  DrawBall(0u,12u);
  78   3                  iter += 1u;
  79   3                  continue;
  80   3              }
  81   2              
  82   2              
  83   2          }
  84   1          
  85   1      }
  86          
  87          
  88          /* [] END OF FILE */
C51 COMPILER V9.51   MAIN                                                                  10/23/2019 10:04:10 PAGE 3   

ASSEMBLY LISTING OF GENERATED OBJECT CODE


             ; FUNCTION _DrawGun (BEGIN)
                                           ; SOURCE LINE # 14
0000 900000      R     MOV     DPTR,#y
0003 EF                MOV     A,R7
0004 F0                MOVX    @DPTR,A
0005 900000      R     MOV     DPTR,#x
0008 ED                MOV     A,R5
0009 F0                MOVX    @DPTR,A
                                           ; SOURCE LINE # 15
                                           ; SOURCE LINE # 16
000A 900000      R     MOV     DPTR,#y
000D E0                MOVX    A,@DPTR
000E FF                MOV     R7,A
000F 900000      R     MOV     DPTR,#x
0012 E0                MOVX    A,@DPTR
0013 FD                MOV     R5,A
0014 120000      E     LCALL   _LCD_Char_MN_Position
                                           ; SOURCE LINE # 17
0017 7F00              MOV     R7,#00H
0019 120000      E     LCALL   _LCD_Char_MN_PutChar
                                           ; SOURCE LINE # 19
001C 900000      R     MOV     DPTR,#y
001F E0                MOVX    A,@DPTR
0020 FF                MOV     R7,A
0021 900000      R     MOV     DPTR,#x
0024 E0                MOVX    A,@DPTR
0025 FE                MOV     R6,A
0026 EE                MOV     A,R6
0027 04                INC     A
0028 FD                MOV     R5,A
0029 120000      E     LCALL   _LCD_Char_MN_Position
                                           ; SOURCE LINE # 20
002C 7F01              MOV     R7,#01H
002E 120000      E     LCALL   _LCD_Char_MN_PutChar
                                           ; SOURCE LINE # 22
0031 900000      R     MOV     DPTR,#y
0034 E0                MOVX    A,@DPTR
0035 FF                MOV     R7,A
0036 900000      R     MOV     DPTR,#x
0039 E0                MOVX    A,@DPTR
003A FE                MOV     R6,A
003B EE                MOV     A,R6
003C 2402              ADD     A,#02H
003E FD                MOV     R5,A
003F 120000      E     LCALL   _LCD_Char_MN_Position
                                           ; SOURCE LINE # 23
0042 7F02              MOV     R7,#02H
0044 120000      E     LCALL   _LCD_Char_MN_PutChar
                                           ; SOURCE LINE # 25
0047 900000      R     MOV     DPTR,#y
004A E0                MOVX    A,@DPTR
004B FF                MOV     R7,A
004C 900000      R     MOV     DPTR,#x
004F E0                MOVX    A,@DPTR
0050 FE                MOV     R6,A
0051 EE                MOV     A,R6
0052 2403              ADD     A,#03H
0054 FD                MOV     R5,A
0055 120000      E     LCALL   _LCD_Char_MN_Position
C51 COMPILER V9.51   MAIN                                                                  10/23/2019 10:04:10 PAGE 4   

                                           ; SOURCE LINE # 26
0058 7F03              MOV     R7,#03H
005A 120000      E     LCALL   _LCD_Char_MN_PutChar
                                           ; SOURCE LINE # 27
005D 22                RET     
             ; FUNCTION _DrawGun (END)

             ; FUNCTION _DrawBall (BEGIN)
                                           ; SOURCE LINE # 29
0000 900000      R     MOV     DPTR,#y
0003 EF                MOV     A,R7
0004 F0                MOVX    @DPTR,A
0005 900000      R     MOV     DPTR,#x
0008 ED                MOV     A,R5
0009 F0                MOVX    @DPTR,A
                                           ; SOURCE LINE # 30
                                           ; SOURCE LINE # 31
000A 900000      R     MOV     DPTR,#y
000D E0                MOVX    A,@DPTR
000E FF                MOV     R7,A
000F 900000      R     MOV     DPTR,#x
0012 E0                MOVX    A,@DPTR
0013 FD                MOV     R5,A
0014 120000      E     LCALL   _LCD_Char_MN_Position
                                           ; SOURCE LINE # 32
0017 7F04              MOV     R7,#04H
0019 120000      E     LCALL   _LCD_Char_MN_PutChar
                                           ; SOURCE LINE # 34
001C 900000      R     MOV     DPTR,#y
001F E0                MOVX    A,@DPTR
0020 FF                MOV     R7,A
0021 900000      R     MOV     DPTR,#x
0024 E0                MOVX    A,@DPTR
0025 FE                MOV     R6,A
0026 EE                MOV     A,R6
0027 04                INC     A
0028 FD                MOV     R5,A
0029 120000      E     LCALL   _LCD_Char_MN_Position
                                           ; SOURCE LINE # 35
002C 7F05              MOV     R7,#05H
002E 120000      E     LCALL   _LCD_Char_MN_PutChar
                                           ; SOURCE LINE # 37
0031 900000      R     MOV     DPTR,#y
0034 E0                MOVX    A,@DPTR
0035 FF                MOV     R7,A
0036 900000      R     MOV     DPTR,#x
0039 E0                MOVX    A,@DPTR
003A FE                MOV     R6,A
003B EE                MOV     A,R6
003C 2402              ADD     A,#02H
003E FD                MOV     R5,A
003F 120000      E     LCALL   _LCD_Char_MN_Position
                                           ; SOURCE LINE # 38
0042 7F06              MOV     R7,#06H
0044 120000      E     LCALL   _LCD_Char_MN_PutChar
                                           ; SOURCE LINE # 40
0047 900000      R     MOV     DPTR,#y
004A E0                MOVX    A,@DPTR
004B FF                MOV     R7,A
004C 900000      R     MOV     DPTR,#x
004F E0                MOVX    A,@DPTR
0050 FE                MOV     R6,A
C51 COMPILER V9.51   MAIN                                                                  10/23/2019 10:04:10 PAGE 5   

0051 EE                MOV     A,R6
0052 2403              ADD     A,#03H
0054 FD                MOV     R5,A
0055 120000      E     LCALL   _LCD_Char_MN_Position
                                           ; SOURCE LINE # 41
0058 7F07              MOV     R7,#07H
005A 120000      E     LCALL   _LCD_Char_MN_PutChar
                                           ; SOURCE LINE # 42
005D 22                RET     
             ; FUNCTION _DrawBall (END)

             ; FUNCTION main (BEGIN)
                                           ; SOURCE LINE # 44
                                           ; SOURCE LINE # 45
                                           ; SOURCE LINE # 46
0000 900000      R     MOV     DPTR,#iter
0003 E4                CLR     A
0004 F0                MOVX    @DPTR,A
                                           ; SOURCE LINE # 47
0005 120000      E     LCALL   LCD_Char_MN_Start
                                           ; SOURCE LINE # 48
0008         ?C0003:
                                           ; SOURCE LINE # 49
                                           ; SOURCE LINE # 50
0008 7FB0              MOV     R7,#0B0H
000A 7E04              MOV     R6,#04H
000C 7D00              MOV     R5,#00H
000E 7C00              MOV     R4,#00H
0010 120000      E     LCALL   _?CyDelay
                                           ; SOURCE LINE # 51
0013 7F01              MOV     R7,#01H
0015 120000      E     LCALL   _LCD_Char_MN_WriteControl
                                           ; SOURCE LINE # 53
0018 900000      R     MOV     DPTR,#iter
001B E0                MOVX    A,@DPTR
001C FF                MOV     R7,A
001D EF                MOV     A,R7
001E B40315            CJNE    A,#03H,?C0005
                                           ; SOURCE LINE # 54
                                           ; SOURCE LINE # 55
0021 7D05              MOV     R5,#05H
0023 7F01              MOV     R7,#01H
0025 120000      R     LCALL   _DrawGun
                                           ; SOURCE LINE # 56
0028 7D08              MOV     R5,#08H
002A 7F01              MOV     R7,#01H
002C 120000      R     LCALL   _DrawBall
                                           ; SOURCE LINE # 57
002F 900000      R     MOV     DPTR,#iter
0032 E4                CLR     A
0033 F0                MOVX    @DPTR,A
                                           ; SOURCE LINE # 58
0034 80D2              SJMP    ?C0003
                                           ; SOURCE LINE # 59
0036         ?C0005:
                                           ; SOURCE LINE # 60
0036 900000      R     MOV     DPTR,#iter
0039 E0                MOVX    A,@DPTR
003A FF                MOV     R7,A
003B EF                MOV     A,R7
003C B40216            CJNE    A,#02H,?C0006
                                           ; SOURCE LINE # 61
C51 COMPILER V9.51   MAIN                                                                  10/23/2019 10:04:10 PAGE 6   

                                           ; SOURCE LINE # 62
003F 7D04              MOV     R5,#04H
0041 7F00              MOV     R7,#00H
0043 120000      R     LCALL   _DrawGun
                                           ; SOURCE LINE # 63
0046 7D08              MOV     R5,#08H
0048 7F00              MOV     R7,#00H
004A 120000      R     LCALL   _DrawBall
                                           ; SOURCE LINE # 64
004D 900000      R     MOV     DPTR,#iter
0050 E0                MOVX    A,@DPTR
0051 04                INC     A
0052 F0                MOVX    @DPTR,A
                                           ; SOURCE LINE # 65
0053 80B3              SJMP    ?C0003
                                           ; SOURCE LINE # 66
0055         ?C0006:
                                           ; SOURCE LINE # 67
0055 900000      R     MOV     DPTR,#iter
0058 E0                MOVX    A,@DPTR
0059 FF                MOV     R7,A
005A EF                MOV     A,R7
005B B40116            CJNE    A,#01H,?C0007
                                           ; SOURCE LINE # 68
                                           ; SOURCE LINE # 69
005E 7D00              MOV     R5,#00H
0060 7F01              MOV     R7,#01H
0062 120000      R     LCALL   _DrawGun
                                           ; SOURCE LINE # 70
0065 7D0C              MOV     R5,#0CH
0067 7F01              MOV     R7,#01H
0069 120000      R     LCALL   _DrawBall
                                           ; SOURCE LINE # 71
006C 900000      R     MOV     DPTR,#iter
006F E0                MOVX    A,@DPTR
0070 04                INC     A
0071 F0                MOVX    @DPTR,A
                                           ; SOURCE LINE # 72
0072 8094              SJMP    ?C0003
                                           ; SOURCE LINE # 73
0074         ?C0007:
                                           ; SOURCE LINE # 74
0074 900000      R     MOV     DPTR,#iter
0077 E0                MOVX    A,@DPTR
0078 FF                MOV     R7,A
0079 EF                MOV     A,R7
007A 708C              JNZ     ?C0003
                                           ; SOURCE LINE # 75
                                           ; SOURCE LINE # 76
007C 7D00              MOV     R5,#00H
007E 7F00              MOV     R7,#00H
0080 120000      R     LCALL   _DrawGun
                                           ; SOURCE LINE # 77
0083 7D0C              MOV     R5,#0CH
0085 7F00              MOV     R7,#00H
0087 120000      R     LCALL   _DrawBall
                                           ; SOURCE LINE # 78
008A 900000      R     MOV     DPTR,#iter
008D E0                MOVX    A,@DPTR
008E 04                INC     A
008F F0                MOVX    @DPTR,A
                                           ; SOURCE LINE # 79
C51 COMPILER V9.51   MAIN                                                                  10/23/2019 10:04:10 PAGE 7   

0090 020000      R     LJMP    ?C0003
0093 22                RET     
             ; FUNCTION main (END)



MODULE INFORMATION:   STATIC OVERLAYABLE
   CODE SIZE        =    336    ----
   CONSTANT SIZE    =   ----    ----
   XDATA SIZE       =   ----       5
   PDATA SIZE       =   ----    ----
   DATA SIZE        =   ----    ----
   IDATA SIZE       =   ----    ----
   BIT SIZE         =   ----    ----
   EDATA SIZE       =   ----    ----
   HDATA SIZE       =   ----    ----
   XDATA CONST SIZE =   ----    ----
   FAR CONST SIZE   =   ----    ----
END OF MODULE INFORMATION.


C51 COMPILATION COMPLETE.  0 WARNING(S),  0 ERROR(S)
